# JRE version: OpenJDK Runtime Environment (8.0_242-b01) (build 1.8.0_242-release-1644-b01)
# Java VM: OpenJDK 64-Bit Server VM (25.242-b01 mixed mode windows-amd64 compressed oops)
Heap:
 PSYoungGen      total 407552K, used 191532K [0x00000000d5580000, 0x00000000f3d00000, 0x0000000100000000)
  eden space 367616K, 44% used [0x00000000d5580000,0x00000000df408ea0,0x00000000ebc80000)
  from space 39936K, 73% used [0x00000000ebc80000,0x00000000ed902170,0x00000000ee380000)
  to   space 42496K, 0% used [0x00000000f1380000,0x00000000f1380000,0x00000000f3d00000)
 ParOldGen       total 203264K, used 91164K [0x0000000080000000, 0x000000008c680000, 0x00000000d5580000)
  object space 203264K, 44% used [0x0000000080000000,0x00000000859071b8,0x000000008c680000)
 Metaspace       used 110492K, capacity 115852K, committed 116120K, reserved 1150976K
  class space    used 14429K, capacity 15485K, committed 15536K, reserved 1048576K
GC Heap History (10 events):
Event: 14.268 GC heap before
{Heap before GC invocations=19 (full 3):
 PSYoungGen      total 299520K, used 293064K [0x00000000d5580000, 0x00000000ec380000, 0x0000000100000000)
  eden space 277504K, 100% used [0x00000000d5580000,0x00000000e6480000,0x00000000e6480000)
  from space 22016K, 70% used [0x00000000e6480000,0x00000000e73b2010,0x00000000e7a00000)
  to   space 23040K, 0% used [0x00000000ead00000,0x00000000ead00000,0x00000000ec380000)
 ParOldGen       total 113664K, used 55104K [0x0000000080000000, 0x0000000086f00000, 0x00000000d5580000)
  object space 113664K, 48% used [0x0000000080000000,0x00000000835d0000,0x0000000086f00000)
 Metaspace       used 72956K, capacity 76804K, committed 77080K, reserved 1116160K
  class space    used 9992K, capacity 10774K, committed 10800K, reserved 1048576K
Event: 14.340 GC heap after
Heap after GC invocations=19 (full 3):
 PSYoungGen      total 347136K, used 23029K [0x00000000d5580000, 0x00000000ee280000, 0x0000000100000000)
  eden space 324096K, 0% used [0x00000000d5580000,0x00000000d5580000,0x00000000e9200000)
  from space 23040K, 99% used [0x00000000ead00000,0x00000000ec37d540,0x00000000ec380000)
  to   space 27648K, 0% used [0x00000000e9200000,0x00000000e9200000,0x00000000ead00000)
 ParOldGen       total 113664K, used 58197K [0x0000000080000000, 0x0000000086f00000, 0x00000000d5580000)
  object space 113664K, 51% used [0x0000000080000000,0x00000000838d5538,0x0000000086f00000)
 Metaspace       used 72956K, capacity 76804K, committed 77080K, reserved 1116160K
  class space    used 9992K, capacity 10774K, committed 10800K, reserved 1048576K
}
Event: 23.796 GC heap before
{Heap before GC invocations=20 (full 3):
 PSYoungGen      total 347136K, used 347125K [0x00000000d5580000, 0x00000000ee280000, 0x0000000100000000)
  eden space 324096K, 100% used [0x00000000d5580000,0x00000000e9200000,0x00000000e9200000)
  from space 23040K, 99% used [0x00000000ead00000,0x00000000ec37d540,0x00000000ec380000)
  to   space 27648K, 0% used [0x00000000e9200000,0x00000000e9200000,0x00000000ead00000)
 ParOldGen       total 113664K, used 58197K [0x0000000080000000, 0x0000000086f00000, 0x00000000d5580000)
  object space 113664K, 51% used [0x0000000080000000,0x00000000838d5538,0x0000000086f00000)
 Metaspace       used 86249K, capacity 90522K, committed 90776K, reserved 1128448K
  class space    used 11559K, capacity 12441K, committed 12464K, reserved 1048576K
Event: 23.825 GC heap after
Heap after GC invocations=20 (full 3):
 PSYoungGen      total 351744K, used 27645K [0x00000000d5580000, 0x00000000f1280000, 0x0000000100000000)
  eden space 324096K, 0% used [0x00000000d5580000,0x00000000d5580000,0x00000000e9200000)
  from space 27648K, 99% used [0x00000000e9200000,0x00000000eacff6d0,0x00000000ead00000)
  to   space 40960K, 0% used [0x00000000eea80000,0x00000000eea80000,0x00000000f1280000)
 ParOldGen       total 113664K, used 83145K [0x0000000080000000, 0x0000000086f00000, 0x00000000d5580000)
  object space 113664K, 73% used [0x0000000080000000,0x0000000085132598,0x0000000086f00000)
 Metaspace       used 86249K, capacity 90522K, committed 90776K, reserved 1128448K
  class space    used 11559K, capacity 12441K, committed 12464K, reserved 1048576K
}
Event: 26.195 GC heap before
{Heap before GC invocations=21 (full 3):
 PSYoungGen      total 351744K, used 351741K [0x00000000d5580000, 0x00000000f1280000, 0x0000000100000000)
  eden space 324096K, 100% used [0x00000000d5580000,0x00000000e9200000,0x00000000e9200000)
  from space 27648K, 99% used [0x00000000e9200000,0x00000000eacff6d0,0x00000000ead00000)
  to   space 40960K, 0% used [0x00000000eea80000,0x00000000eea80000,0x00000000f1280000)
 ParOldGen       total 113664K, used 83145K [0x0000000080000000, 0x0000000086f00000, 0x00000000d5580000)
  object space 113664K, 73% used [0x0000000080000000,0x0000000085132598,0x0000000086f00000)
 Metaspace       used 92749K, capacity 97062K, committed 97176K, reserved 1132544K
  class space    used 12292K, capacity 13213K, committed 13232K, reserved 1048576K
Event: 26.208 GC heap after
Heap after GC invocations=21 (full 3):
 PSYoungGen      total 400384K, used 7827K [0x00000000d5580000, 0x00000000f0a80000, 0x0000000100000000)
  eden space 367616K, 0% used [0x00000000d5580000,0x00000000d5580000,0x00000000ebc80000)
  from space 32768K, 23% used [0x00000000eea80000,0x00000000ef224e60,0x00000000f0a80000)
  to   space 39936K, 0% used [0x00000000ebc80000,0x00000000ebc80000,0x00000000ee380000)
 ParOldGen       total 113664K, used 98652K [0x0000000080000000, 0x0000000086f00000, 0x00000000d5580000)
  object space 113664K, 86% used [0x0000000080000000,0x00000000860571e0,0x0000000086f00000)
 Metaspace       used 92749K, capacity 97062K, committed 97176K, reserved 1132544K
  class space    used 12292K, capacity 13213K, committed 13232K, reserved 1048576K
}
Event: 26.208 GC heap before
{Heap before GC invocations=22 (full 4):
 PSYoungGen      total 400384K, used 7827K [0x00000000d5580000, 0x00000000f0a80000, 0x0000000100000000)
  eden space 367616K, 0% used [0x00000000d5580000,0x00000000d5580000,0x00000000ebc80000)
  from space 32768K, 23% used [0x00000000eea80000,0x00000000ef224e60,0x00000000f0a80000)
  to   space 39936K, 0% used [0x00000000ebc80000,0x00000000ebc80000,0x00000000ee380000)
 ParOldGen       total 113664K, used 98652K [0x0000000080000000, 0x0000000086f00000, 0x00000000d5580000)
  object space 113664K, 86% used [0x0000000080000000,0x00000000860571e0,0x0000000086f00000)
 Metaspace       used 92749K, capacity 97062K, committed 97176K, reserved 1132544K
  class space    used 12292K, capacity 13213K, committed 13232K, reserved 1048576K
Event: 26.408 GC heap after
Heap after GC invocations=22 (full 4):
 PSYoungGen      total 400384K, used 0K [0x00000000d5580000, 0x00000000f0a80000, 0x0000000100000000)
  eden space 367616K, 0% used [0x00000000d5580000,0x00000000d5580000,0x00000000ebc80000)
  from space 32768K, 0% used [0x00000000eea80000,0x00000000eea80000,0x00000000f0a80000)
  to   space 39936K, 0% used [0x00000000ebc80000,0x00000000ebc80000,0x00000000ee380000)
 ParOldGen       total 203264K, used 91148K [0x0000000080000000, 0x000000008c680000, 0x00000000d5580000)
  object space 203264K, 44% used [0x0000000080000000,0x00000000859031b8,0x000000008c680000)
 Metaspace       used 92461K, capacity 96198K, committed 97176K, reserved 1132544K
  class space    used 12202K, capacity 13053K, committed 13232K, reserved 1048576K
}
Event: 110.043 GC heap before
{Heap before GC invocations=23 (full 4):
 PSYoungGen      total 400384K, used 367616K [0x00000000d5580000, 0x00000000f0a80000, 0x0000000100000000)
  eden space 367616K, 100% used [0x00000000d5580000,0x00000000ebc80000,0x00000000ebc80000)
  from space 32768K, 0% used [0x00000000eea80000,0x00000000eea80000,0x00000000f0a80000)
  to   space 39936K, 0% used [0x00000000ebc80000,0x00000000ebc80000,0x00000000ee380000)
 ParOldGen       total 203264K, used 91148K [0x0000000080000000, 0x000000008c680000, 0x00000000d5580000)
  object space 203264K, 44% used [0x0000000080000000,0x00000000859031b8,0x000000008c680000)
 Metaspace       used 109989K, capacity 115286K, committed 115608K, reserved 1148928K
  class space    used 14414K, capacity 15458K, committed 15536K, reserved 1048576K
Event: 110.080 GC heap after
Heap after GC invocations=23 (full 4):
 PSYoungGen      total 407552K, used 29192K [0x00000000d5580000, 0x00000000f3d00000, 0x0000000100000000)
  eden space 367616K, 0% used [0x00000000d5580000,0x00000000d5580000,0x00000000ebc80000)
  from space 39936K, 73% used [0x00000000ebc80000,0x00000000ed902170,0x00000000ee380000)
  to   space 42496K, 0% used [0x00000000f1380000,0x00000000f1380000,0x00000000f3d00000)
 ParOldGen       total 203264K, used 91164K [0x0000000080000000, 0x000000008c680000, 0x00000000d5580000)
  object space 203264K, 44% used [0x0000000080000000,0x00000000859071b8,0x000000008c680000)
 Metaspace       used 109989K, capacity 115286K, committed 115608K, reserved 1148928K
  class space    used 14414K, capacity 15458K, committed 15536K, reserved 1048576K
}

